<?xml version="1.0" encoding="UTF-8" ?>
<testsuites>
 <testsuite name="Egd1_script" package="eggday1.suite" timestamp="2021-11-23 18:30:33.313 +0530"
 tests="1"  failures="1" errors="1" time="36.740000">
  <properties>
   <property name="RunDate" value="2021-11-23 18:30:33.313 +0530"/>
   <property name="Status" value="Failure"/>
  </properties>
  <testcase name="Egd1.script" assertions="1" status="error"  time="36.733">
    <failure type="FAILURE" message="Image Not Found: click Error - No Image Found On Screen: &quot;chrome_url&quot; -- Execution Time 0:00:36 Egd1.script" />
    <error type="Exception" message="No Image Found On Screen: &quot;chrome_url&quot;" />
  </testcase>
 </testsuite>
</testsuites>
